[0.030s] Invoking command in '/home/ender/CUB-URC/2026-Rover-Code/ros2_ws/build/science': CMAKE_PREFIX_PATH=/opt/ros/humble /usr/bin/cmake /home/ender/CUB-URC/2026-Rover-Code/ros2_ws/src_new/science -DAMENT_CMAKE_SYMLINK_INSTALL=1 -DCMAKE_INSTALL_PREFIX=/home/ender/CUB-URC/2026-Rover-Code/ros2_ws/install/science
[0.191s] -- The C compiler identification is GNU 11.4.0
[0.451s] -- The CXX compiler identification is GNU 11.4.0
[0.569s] -- Detecting C compiler ABI info
[0.700s] -- Detecting C compiler ABI info - done
[0.706s] -- Check for working C compiler: /usr/bin/cc - skipped
[0.707s] -- Detecting C compile features
[0.707s] -- Detecting C compile features - done
[0.712s] -- Detecting CXX compiler ABI info
[0.818s] -- Detecting CXX compiler ABI info - done
[0.823s] -- Check for working CXX compiler: /usr/bin/c++ - skipped
[0.824s] -- Detecting CXX compile features
[0.824s] -- Detecting CXX compile features - done
[0.896s] -- Found ament_cmake: 1.3.12 (/opt/ros/humble/share/ament_cmake/cmake)
[1.070s] -- Found Python3: /usr/bin/python3 (found version "3.10.12") found components: Interpreter 
[1.217s] -- Override CMake install command with custom implementation using symlinks instead of copying resources
[1.568s] -- Found rclcpp: 16.0.17 (/opt/ros/humble/share/rclcpp/cmake)
[2.091s] -- Found rosidl_generator_c: 3.1.8 (/opt/ros/humble/share/rosidl_generator_c/cmake)
[2.136s] -- Found rosidl_adapter: 3.1.8 (/opt/ros/humble/share/rosidl_adapter/cmake)
[2.233s] -- Found rosidl_generator_cpp: 3.1.8 (/opt/ros/humble/share/rosidl_generator_cpp/cmake)
[2.272s] -- Using all available rosidl_typesupport_c: rosidl_typesupport_fastrtps_c;rosidl_typesupport_introspection_c
[2.388s] -- Using all available rosidl_typesupport_cpp: rosidl_typesupport_fastrtps_cpp;rosidl_typesupport_introspection_cpp
[2.732s] -- Found rmw_implementation_cmake: 6.1.2 (/opt/ros/humble/share/rmw_implementation_cmake/cmake)
[2.775s] -- Found rmw_fastrtps_cpp: 6.2.9 (/opt/ros/humble/share/rmw_fastrtps_cpp/cmake)
[3.552s] -- Found OpenSSL: /usr/lib/x86_64-linux-gnu/libcrypto.so (found version "3.0.2")  
[3.983s] -- Found FastRTPS: /opt/ros/humble/include  
[5.439s] -- Using RMW implementation 'rmw_fastrtps_cpp' as default
[5.444s] -- Looking for pthread.h
[5.534s] -- Looking for pthread.h - found
[5.534s] -- Performing Test CMAKE_HAVE_LIBC_PTHREAD
[5.625s] -- Performing Test CMAKE_HAVE_LIBC_PTHREAD - Success
[5.625s] -- Found Threads: TRUE  
[5.652s] -- Found ament_lint_auto: 0.12.14 (/opt/ros/humble/share/ament_lint_auto/cmake)
[5.695s] -- Added test 'lint_cmake' to check CMake code style
[5.696s] -- Added test 'xmllint' to check XML markup files
[5.697s] -- Configuring done
[5.703s] -- Generating done
[5.704s] -- Build files have been written to: /home/ender/CUB-URC/2026-Rover-Code/ros2_ws/build/science
[5.711s] Invoked command in '/home/ender/CUB-URC/2026-Rover-Code/ros2_ws/build/science' returned '0': CMAKE_PREFIX_PATH=/opt/ros/humble /usr/bin/cmake /home/ender/CUB-URC/2026-Rover-Code/ros2_ws/src_new/science -DAMENT_CMAKE_SYMLINK_INSTALL=1 -DCMAKE_INSTALL_PREFIX=/home/ender/CUB-URC/2026-Rover-Code/ros2_ws/install/science
[5.711s] Invoking command in '/home/ender/CUB-URC/2026-Rover-Code/ros2_ws/build/science': CMAKE_PREFIX_PATH=/opt/ros/humble /usr/bin/cmake --build /home/ender/CUB-URC/2026-Rover-Code/ros2_ws/build/science -- -j12 -l12
[5.739s] Invoked command in '/home/ender/CUB-URC/2026-Rover-Code/ros2_ws/build/science' returned '0': CMAKE_PREFIX_PATH=/opt/ros/humble /usr/bin/cmake --build /home/ender/CUB-URC/2026-Rover-Code/ros2_ws/build/science -- -j12 -l12
[5.740s] Invoking command in '/home/ender/CUB-URC/2026-Rover-Code/ros2_ws/build/science': CMAKE_PREFIX_PATH=/opt/ros/humble /usr/bin/cmake --install /home/ender/CUB-URC/2026-Rover-Code/ros2_ws/build/science
[5.744s] -- Install configuration: ""
[5.745s] -- Execute custom install script
[5.746s] -- Symlinking: /home/ender/CUB-URC/2026-Rover-Code/ros2_ws/install/science/share/ament_index/resource_index/package_run_dependencies/science
[5.752s] -- Symlinking: /home/ender/CUB-URC/2026-Rover-Code/ros2_ws/install/science/share/ament_index/resource_index/parent_prefix_path/science
[5.759s] -- Symlinking: /home/ender/CUB-URC/2026-Rover-Code/ros2_ws/install/science/share/science/environment/ament_prefix_path.sh
[5.764s] -- Symlinking: /home/ender/CUB-URC/2026-Rover-Code/ros2_ws/install/science/share/science/environment/ament_prefix_path.dsv
[5.770s] -- Symlinking: /home/ender/CUB-URC/2026-Rover-Code/ros2_ws/install/science/share/science/environment/path.sh
[5.776s] -- Symlinking: /home/ender/CUB-URC/2026-Rover-Code/ros2_ws/install/science/share/science/environment/path.dsv
[5.781s] -- Symlinking: /home/ender/CUB-URC/2026-Rover-Code/ros2_ws/install/science/share/science/local_setup.bash
[5.787s] -- Symlinking: /home/ender/CUB-URC/2026-Rover-Code/ros2_ws/install/science/share/science/local_setup.sh
[5.793s] -- Symlinking: /home/ender/CUB-URC/2026-Rover-Code/ros2_ws/install/science/share/science/local_setup.zsh
[5.799s] -- Symlinking: /home/ender/CUB-URC/2026-Rover-Code/ros2_ws/install/science/share/science/local_setup.dsv
[5.805s] -- Symlinking: /home/ender/CUB-URC/2026-Rover-Code/ros2_ws/install/science/share/science/package.dsv
[5.811s] -- Symlinking: /home/ender/CUB-URC/2026-Rover-Code/ros2_ws/install/science/share/ament_index/resource_index/packages/science
[5.817s] -- Symlinking: /home/ender/CUB-URC/2026-Rover-Code/ros2_ws/install/science/share/science/cmake/scienceConfig.cmake
[5.823s] -- Symlinking: /home/ender/CUB-URC/2026-Rover-Code/ros2_ws/install/science/share/science/cmake/scienceConfig-version.cmake
[5.828s] -- Symlinking: /home/ender/CUB-URC/2026-Rover-Code/ros2_ws/install/science/share/science/package.xml
[5.836s] Invoked command in '/home/ender/CUB-URC/2026-Rover-Code/ros2_ws/build/science' returned '0': CMAKE_PREFIX_PATH=/opt/ros/humble /usr/bin/cmake --install /home/ender/CUB-URC/2026-Rover-Code/ros2_ws/build/science
