[0.026s] Invoking command in '/home/ender/CUB-URC/2026-Rover-Code/ros2_ws/build/comms': CMAKE_PREFIX_PATH=/opt/ros/humble /usr/bin/cmake /home/ender/CUB-URC/2026-Rover-Code/ros2_ws/src_new/comms -DAMENT_CMAKE_SYMLINK_INSTALL=1 -DCMAKE_INSTALL_PREFIX=/home/ender/CUB-URC/2026-Rover-Code/ros2_ws/install/comms
[0.202s] -- The C compiler identification is GNU 11.4.0
[0.462s] -- The CXX compiler identification is GNU 11.4.0
[0.571s] -- Detecting C compiler ABI info
[0.710s] -- Detecting C compiler ABI info - done
[0.715s] -- Check for working C compiler: /usr/bin/cc - skipped
[0.715s] -- Detecting C compile features
[0.716s] -- Detecting C compile features - done
[0.723s] -- Detecting CXX compiler ABI info
[0.829s] -- Detecting CXX compiler ABI info - done
[0.836s] -- Check for working CXX compiler: /usr/bin/c++ - skipped
[0.836s] -- Detecting CXX compile features
[0.836s] -- Detecting CXX compile features - done
[0.907s] -- Found ament_cmake: 1.3.12 (/opt/ros/humble/share/ament_cmake/cmake)
[1.079s] -- Found Python3: /usr/bin/python3 (found version "3.10.12") found components: Interpreter 
[1.228s] -- Override CMake install command with custom implementation using symlinks instead of copying resources
[1.579s] -- Found rclcpp: 16.0.17 (/opt/ros/humble/share/rclcpp/cmake)
[2.102s] -- Found rosidl_generator_c: 3.1.8 (/opt/ros/humble/share/rosidl_generator_c/cmake)
[2.147s] -- Found rosidl_adapter: 3.1.8 (/opt/ros/humble/share/rosidl_adapter/cmake)
[2.244s] -- Found rosidl_generator_cpp: 3.1.8 (/opt/ros/humble/share/rosidl_generator_cpp/cmake)
[2.283s] -- Using all available rosidl_typesupport_c: rosidl_typesupport_fastrtps_c;rosidl_typesupport_introspection_c
[2.399s] -- Using all available rosidl_typesupport_cpp: rosidl_typesupport_fastrtps_cpp;rosidl_typesupport_introspection_cpp
[2.744s] -- Found rmw_implementation_cmake: 6.1.2 (/opt/ros/humble/share/rmw_implementation_cmake/cmake)
[2.786s] -- Found rmw_fastrtps_cpp: 6.2.9 (/opt/ros/humble/share/rmw_fastrtps_cpp/cmake)
[3.240s] -- Found OpenSSL: /usr/lib/x86_64-linux-gnu/libcrypto.so (found version "3.0.2")  
[3.598s] -- Found FastRTPS: /opt/ros/humble/include  
[4.218s] -- Using RMW implementation 'rmw_fastrtps_cpp' as default
[4.235s] -- Looking for pthread.h
[4.331s] -- Looking for pthread.h - found
[4.332s] -- Performing Test CMAKE_HAVE_LIBC_PTHREAD
[4.431s] -- Performing Test CMAKE_HAVE_LIBC_PTHREAD - Success
[4.432s] -- Found Threads: TRUE  
[4.491s] -- Found ament_lint_auto: 0.12.14 (/opt/ros/humble/share/ament_lint_auto/cmake)
[4.572s] -- Added test 'lint_cmake' to check CMake code style
[4.595s] -- Added test 'xmllint' to check XML markup files
[4.598s] -- Configuring done
[4.605s] -- Generating done
[4.608s] -- Build files have been written to: /home/ender/CUB-URC/2026-Rover-Code/ros2_ws/build/comms
[4.628s] Invoked command in '/home/ender/CUB-URC/2026-Rover-Code/ros2_ws/build/comms' returned '0': CMAKE_PREFIX_PATH=/opt/ros/humble /usr/bin/cmake /home/ender/CUB-URC/2026-Rover-Code/ros2_ws/src_new/comms -DAMENT_CMAKE_SYMLINK_INSTALL=1 -DCMAKE_INSTALL_PREFIX=/home/ender/CUB-URC/2026-Rover-Code/ros2_ws/install/comms
[4.629s] Invoking command in '/home/ender/CUB-URC/2026-Rover-Code/ros2_ws/build/comms': CMAKE_PREFIX_PATH=/opt/ros/humble /usr/bin/cmake --build /home/ender/CUB-URC/2026-Rover-Code/ros2_ws/build/comms -- -j12 -l12
[4.672s] Invoked command in '/home/ender/CUB-URC/2026-Rover-Code/ros2_ws/build/comms' returned '0': CMAKE_PREFIX_PATH=/opt/ros/humble /usr/bin/cmake --build /home/ender/CUB-URC/2026-Rover-Code/ros2_ws/build/comms -- -j12 -l12
[4.675s] Invoking command in '/home/ender/CUB-URC/2026-Rover-Code/ros2_ws/build/comms': CMAKE_PREFIX_PATH=/opt/ros/humble /usr/bin/cmake --install /home/ender/CUB-URC/2026-Rover-Code/ros2_ws/build/comms
[4.680s] -- Install configuration: ""
[4.681s] -- Execute custom install script
[4.683s] -- Symlinking: /home/ender/CUB-URC/2026-Rover-Code/ros2_ws/install/comms/share/ament_index/resource_index/package_run_dependencies/comms
[4.691s] -- Symlinking: /home/ender/CUB-URC/2026-Rover-Code/ros2_ws/install/comms/share/ament_index/resource_index/parent_prefix_path/comms
[4.700s] -- Symlinking: /home/ender/CUB-URC/2026-Rover-Code/ros2_ws/install/comms/share/comms/environment/ament_prefix_path.sh
[4.708s] -- Symlinking: /home/ender/CUB-URC/2026-Rover-Code/ros2_ws/install/comms/share/comms/environment/ament_prefix_path.dsv
[4.715s] -- Symlinking: /home/ender/CUB-URC/2026-Rover-Code/ros2_ws/install/comms/share/comms/environment/path.sh
[4.723s] -- Symlinking: /home/ender/CUB-URC/2026-Rover-Code/ros2_ws/install/comms/share/comms/environment/path.dsv
[4.731s] -- Symlinking: /home/ender/CUB-URC/2026-Rover-Code/ros2_ws/install/comms/share/comms/local_setup.bash
[4.739s] -- Symlinking: /home/ender/CUB-URC/2026-Rover-Code/ros2_ws/install/comms/share/comms/local_setup.sh
[4.747s] -- Symlinking: /home/ender/CUB-URC/2026-Rover-Code/ros2_ws/install/comms/share/comms/local_setup.zsh
[4.754s] -- Symlinking: /home/ender/CUB-URC/2026-Rover-Code/ros2_ws/install/comms/share/comms/local_setup.dsv
[4.763s] -- Symlinking: /home/ender/CUB-URC/2026-Rover-Code/ros2_ws/install/comms/share/comms/package.dsv
[4.771s] -- Symlinking: /home/ender/CUB-URC/2026-Rover-Code/ros2_ws/install/comms/share/ament_index/resource_index/packages/comms
[4.779s] -- Symlinking: /home/ender/CUB-URC/2026-Rover-Code/ros2_ws/install/comms/share/comms/cmake/commsConfig.cmake
[4.787s] -- Symlinking: /home/ender/CUB-URC/2026-Rover-Code/ros2_ws/install/comms/share/comms/cmake/commsConfig-version.cmake
[4.795s] -- Symlinking: /home/ender/CUB-URC/2026-Rover-Code/ros2_ws/install/comms/share/comms/package.xml
[4.836s] Invoked command in '/home/ender/CUB-URC/2026-Rover-Code/ros2_ws/build/comms' returned '0': CMAKE_PREFIX_PATH=/opt/ros/humble /usr/bin/cmake --install /home/ender/CUB-URC/2026-Rover-Code/ros2_ws/build/comms
