[0.028s] Invoking command in '/home/ender/CUB-URC/2026-Rover-Code/ros2_ws/build/arm': CMAKE_PREFIX_PATH=/opt/ros/humble /usr/bin/cmake /home/ender/CUB-URC/2026-Rover-Code/ros2_ws/src_new/arm -DAMENT_CMAKE_SYMLINK_INSTALL=1 -DCMAKE_INSTALL_PREFIX=/home/ender/CUB-URC/2026-Rover-Code/ros2_ws/install/arm
[0.210s] -- The C compiler identification is GNU 11.4.0
[0.470s] -- The CXX compiler identification is GNU 11.4.0
[0.605s] -- Detecting C compiler ABI info
[0.718s] -- Detecting C compiler ABI info - done
[0.723s] -- Check for working C compiler: /usr/bin/cc - skipped
[0.723s] -- Detecting C compile features
[0.724s] -- Detecting C compile features - done
[0.731s] -- Detecting CXX compiler ABI info
[0.837s] -- Detecting CXX compiler ABI info - done
[0.842s] -- Check for working CXX compiler: /usr/bin/c++ - skipped
[0.843s] -- Detecting CXX compile features
[0.844s] -- Detecting CXX compile features - done
[0.916s] -- Found ament_cmake: 1.3.12 (/opt/ros/humble/share/ament_cmake/cmake)
[1.087s] -- Found Python3: /usr/bin/python3 (found version "3.10.12") found components: Interpreter 
[1.236s] -- Override CMake install command with custom implementation using symlinks instead of copying resources
[1.588s] -- Found rclcpp: 16.0.17 (/opt/ros/humble/share/rclcpp/cmake)
[2.111s] -- Found rosidl_generator_c: 3.1.8 (/opt/ros/humble/share/rosidl_generator_c/cmake)
[2.156s] -- Found rosidl_adapter: 3.1.8 (/opt/ros/humble/share/rosidl_adapter/cmake)
[2.253s] -- Found rosidl_generator_cpp: 3.1.8 (/opt/ros/humble/share/rosidl_generator_cpp/cmake)
[2.292s] -- Using all available rosidl_typesupport_c: rosidl_typesupport_fastrtps_c;rosidl_typesupport_introspection_c
[2.408s] -- Using all available rosidl_typesupport_cpp: rosidl_typesupport_fastrtps_cpp;rosidl_typesupport_introspection_cpp
[2.752s] -- Found rmw_implementation_cmake: 6.1.2 (/opt/ros/humble/share/rmw_implementation_cmake/cmake)
[2.795s] -- Found rmw_fastrtps_cpp: 6.2.9 (/opt/ros/humble/share/rmw_fastrtps_cpp/cmake)
[3.249s] -- Found OpenSSL: /usr/lib/x86_64-linux-gnu/libcrypto.so (found version "3.0.2")  
[3.606s] -- Found FastRTPS: /opt/ros/humble/include  
[4.278s] -- Using RMW implementation 'rmw_fastrtps_cpp' as default
[4.284s] -- Looking for pthread.h
[4.373s] -- Looking for pthread.h - found
[4.374s] -- Performing Test CMAKE_HAVE_LIBC_PTHREAD
[4.468s] -- Performing Test CMAKE_HAVE_LIBC_PTHREAD - Success
[4.468s] -- Found Threads: TRUE  
[4.509s] -- Found ament_lint_auto: 0.12.14 (/opt/ros/humble/share/ament_lint_auto/cmake)
[4.581s] -- Added test 'lint_cmake' to check CMake code style
[4.604s] -- Added test 'xmllint' to check XML markup files
[4.606s] -- Configuring done
[4.614s] -- Generating done
[4.616s] -- Build files have been written to: /home/ender/CUB-URC/2026-Rover-Code/ros2_ws/build/arm
[4.639s] Invoked command in '/home/ender/CUB-URC/2026-Rover-Code/ros2_ws/build/arm' returned '0': CMAKE_PREFIX_PATH=/opt/ros/humble /usr/bin/cmake /home/ender/CUB-URC/2026-Rover-Code/ros2_ws/src_new/arm -DAMENT_CMAKE_SYMLINK_INSTALL=1 -DCMAKE_INSTALL_PREFIX=/home/ender/CUB-URC/2026-Rover-Code/ros2_ws/install/arm
[4.640s] Invoking command in '/home/ender/CUB-URC/2026-Rover-Code/ros2_ws/build/arm': CMAKE_PREFIX_PATH=/opt/ros/humble /usr/bin/cmake --build /home/ender/CUB-URC/2026-Rover-Code/ros2_ws/build/arm -- -j12 -l12
[4.677s] Invoked command in '/home/ender/CUB-URC/2026-Rover-Code/ros2_ws/build/arm' returned '0': CMAKE_PREFIX_PATH=/opt/ros/humble /usr/bin/cmake --build /home/ender/CUB-URC/2026-Rover-Code/ros2_ws/build/arm -- -j12 -l12
[4.679s] Invoking command in '/home/ender/CUB-URC/2026-Rover-Code/ros2_ws/build/arm': CMAKE_PREFIX_PATH=/opt/ros/humble /usr/bin/cmake --install /home/ender/CUB-URC/2026-Rover-Code/ros2_ws/build/arm
[4.684s] -- Install configuration: ""
[4.686s] -- Execute custom install script
[4.688s] -- Symlinking: /home/ender/CUB-URC/2026-Rover-Code/ros2_ws/install/arm/share/ament_index/resource_index/package_run_dependencies/arm
[4.696s] -- Symlinking: /home/ender/CUB-URC/2026-Rover-Code/ros2_ws/install/arm/share/ament_index/resource_index/parent_prefix_path/arm
[4.704s] -- Symlinking: /home/ender/CUB-URC/2026-Rover-Code/ros2_ws/install/arm/share/arm/environment/ament_prefix_path.sh
[4.711s] -- Symlinking: /home/ender/CUB-URC/2026-Rover-Code/ros2_ws/install/arm/share/arm/environment/ament_prefix_path.dsv
[4.718s] -- Symlinking: /home/ender/CUB-URC/2026-Rover-Code/ros2_ws/install/arm/share/arm/environment/path.sh
[4.726s] -- Symlinking: /home/ender/CUB-URC/2026-Rover-Code/ros2_ws/install/arm/share/arm/environment/path.dsv
[4.734s] -- Symlinking: /home/ender/CUB-URC/2026-Rover-Code/ros2_ws/install/arm/share/arm/local_setup.bash
[4.742s] -- Symlinking: /home/ender/CUB-URC/2026-Rover-Code/ros2_ws/install/arm/share/arm/local_setup.sh
[4.750s] -- Symlinking: /home/ender/CUB-URC/2026-Rover-Code/ros2_ws/install/arm/share/arm/local_setup.zsh
[4.758s] -- Symlinking: /home/ender/CUB-URC/2026-Rover-Code/ros2_ws/install/arm/share/arm/local_setup.dsv
[4.766s] -- Symlinking: /home/ender/CUB-URC/2026-Rover-Code/ros2_ws/install/arm/share/arm/package.dsv
[4.774s] -- Symlinking: /home/ender/CUB-URC/2026-Rover-Code/ros2_ws/install/arm/share/ament_index/resource_index/packages/arm
[4.782s] -- Symlinking: /home/ender/CUB-URC/2026-Rover-Code/ros2_ws/install/arm/share/arm/cmake/armConfig.cmake
[4.790s] -- Symlinking: /home/ender/CUB-URC/2026-Rover-Code/ros2_ws/install/arm/share/arm/cmake/armConfig-version.cmake
[4.797s] -- Symlinking: /home/ender/CUB-URC/2026-Rover-Code/ros2_ws/install/arm/share/arm/package.xml
[4.836s] Invoked command in '/home/ender/CUB-URC/2026-Rover-Code/ros2_ws/build/arm' returned '0': CMAKE_PREFIX_PATH=/opt/ros/humble /usr/bin/cmake --install /home/ender/CUB-URC/2026-Rover-Code/ros2_ws/build/arm
