[0.027s] Invoking command in '/home/ender/CUB-URC/2026-Rover-Code/ros2_ws/build/rover_bringup': CMAKE_PREFIX_PATH=/opt/ros/humble /usr/bin/cmake /home/ender/CUB-URC/2026-Rover-Code/ros2_ws/src_new/rover_bringup -DAMENT_CMAKE_SYMLINK_INSTALL=1 -DCMAKE_INSTALL_PREFIX=/home/ender/CUB-URC/2026-Rover-Code/ros2_ws/install/rover_bringup
[0.193s] -- The C compiler identification is GNU 11.4.0
[0.453s] -- The CXX compiler identification is GNU 11.4.0
[0.554s] -- Detecting C compiler ABI info
[0.706s] -- Detecting C compiler ABI info - done
[0.714s] -- Check for working C compiler: /usr/bin/cc - skipped
[0.714s] -- Detecting C compile features
[0.714s] -- Detecting C compile features - done
[0.714s] -- Detecting CXX compiler ABI info
[0.820s] -- Detecting CXX compiler ABI info - done
[0.825s] -- Check for working CXX compiler: /usr/bin/c++ - skipped
[0.826s] -- Detecting CXX compile features
[0.827s] -- Detecting CXX compile features - done
[0.898s] -- Found ament_cmake: 1.3.12 (/opt/ros/humble/share/ament_cmake/cmake)
[1.071s] -- Found Python3: /usr/bin/python3 (found version "3.10.12") found components: Interpreter 
[1.221s] -- Override CMake install command with custom implementation using symlinks instead of copying resources
[1.571s] -- Found rclcpp: 16.0.17 (/opt/ros/humble/share/rclcpp/cmake)
[2.093s] -- Found rosidl_generator_c: 3.1.8 (/opt/ros/humble/share/rosidl_generator_c/cmake)
[2.138s] -- Found rosidl_adapter: 3.1.8 (/opt/ros/humble/share/rosidl_adapter/cmake)
[2.235s] -- Found rosidl_generator_cpp: 3.1.8 (/opt/ros/humble/share/rosidl_generator_cpp/cmake)
[2.275s] -- Using all available rosidl_typesupport_c: rosidl_typesupport_fastrtps_c;rosidl_typesupport_introspection_c
[2.390s] -- Using all available rosidl_typesupport_cpp: rosidl_typesupport_fastrtps_cpp;rosidl_typesupport_introspection_cpp
[2.735s] -- Found rmw_implementation_cmake: 6.1.2 (/opt/ros/humble/share/rmw_implementation_cmake/cmake)
[2.777s] -- Found rmw_fastrtps_cpp: 6.2.9 (/opt/ros/humble/share/rmw_fastrtps_cpp/cmake)
[3.231s] -- Found OpenSSL: /usr/lib/x86_64-linux-gnu/libcrypto.so (found version "3.0.2")  
[3.619s] -- Found FastRTPS: /opt/ros/humble/include  
[4.984s] -- Using RMW implementation 'rmw_fastrtps_cpp' as default
[4.988s] -- Looking for pthread.h
[5.072s] -- Looking for pthread.h - found
[5.072s] -- Performing Test CMAKE_HAVE_LIBC_PTHREAD
[5.160s] -- Performing Test CMAKE_HAVE_LIBC_PTHREAD - Success
[5.161s] -- Found Threads: TRUE  
[5.188s] -- Found ament_lint_auto: 0.12.14 (/opt/ros/humble/share/ament_lint_auto/cmake)
[5.232s] -- Added test 'lint_cmake' to check CMake code style
[5.233s] -- Added test 'xmllint' to check XML markup files
[5.234s] -- Configuring done
[5.239s] -- Generating done
[5.241s] -- Build files have been written to: /home/ender/CUB-URC/2026-Rover-Code/ros2_ws/build/rover_bringup
[5.247s] Invoked command in '/home/ender/CUB-URC/2026-Rover-Code/ros2_ws/build/rover_bringup' returned '0': CMAKE_PREFIX_PATH=/opt/ros/humble /usr/bin/cmake /home/ender/CUB-URC/2026-Rover-Code/ros2_ws/src_new/rover_bringup -DAMENT_CMAKE_SYMLINK_INSTALL=1 -DCMAKE_INSTALL_PREFIX=/home/ender/CUB-URC/2026-Rover-Code/ros2_ws/install/rover_bringup
[5.248s] Invoking command in '/home/ender/CUB-URC/2026-Rover-Code/ros2_ws/build/rover_bringup': CMAKE_PREFIX_PATH=/opt/ros/humble /usr/bin/cmake --build /home/ender/CUB-URC/2026-Rover-Code/ros2_ws/build/rover_bringup -- -j12 -l12
[5.275s] Invoked command in '/home/ender/CUB-URC/2026-Rover-Code/ros2_ws/build/rover_bringup' returned '0': CMAKE_PREFIX_PATH=/opt/ros/humble /usr/bin/cmake --build /home/ender/CUB-URC/2026-Rover-Code/ros2_ws/build/rover_bringup -- -j12 -l12
[5.276s] Invoking command in '/home/ender/CUB-URC/2026-Rover-Code/ros2_ws/build/rover_bringup': CMAKE_PREFIX_PATH=/opt/ros/humble /usr/bin/cmake --install /home/ender/CUB-URC/2026-Rover-Code/ros2_ws/build/rover_bringup
[5.280s] -- Install configuration: ""
[5.280s] -- Execute custom install script
[5.282s] -- Symlinking: /home/ender/CUB-URC/2026-Rover-Code/ros2_ws/install/rover_bringup/share/ament_index/resource_index/package_run_dependencies/rover_bringup
[5.288s] -- Symlinking: /home/ender/CUB-URC/2026-Rover-Code/ros2_ws/install/rover_bringup/share/ament_index/resource_index/parent_prefix_path/rover_bringup
[5.294s] -- Symlinking: /home/ender/CUB-URC/2026-Rover-Code/ros2_ws/install/rover_bringup/share/rover_bringup/environment/ament_prefix_path.sh
[5.300s] -- Symlinking: /home/ender/CUB-URC/2026-Rover-Code/ros2_ws/install/rover_bringup/share/rover_bringup/environment/ament_prefix_path.dsv
[5.306s] -- Symlinking: /home/ender/CUB-URC/2026-Rover-Code/ros2_ws/install/rover_bringup/share/rover_bringup/environment/path.sh
[5.312s] -- Symlinking: /home/ender/CUB-URC/2026-Rover-Code/ros2_ws/install/rover_bringup/share/rover_bringup/environment/path.dsv
[5.318s] -- Symlinking: /home/ender/CUB-URC/2026-Rover-Code/ros2_ws/install/rover_bringup/share/rover_bringup/local_setup.bash
[5.324s] -- Symlinking: /home/ender/CUB-URC/2026-Rover-Code/ros2_ws/install/rover_bringup/share/rover_bringup/local_setup.sh
[5.330s] -- Symlinking: /home/ender/CUB-URC/2026-Rover-Code/ros2_ws/install/rover_bringup/share/rover_bringup/local_setup.zsh
[5.335s] -- Symlinking: /home/ender/CUB-URC/2026-Rover-Code/ros2_ws/install/rover_bringup/share/rover_bringup/local_setup.dsv
[5.341s] -- Symlinking: /home/ender/CUB-URC/2026-Rover-Code/ros2_ws/install/rover_bringup/share/rover_bringup/package.dsv
[5.347s] -- Symlinking: /home/ender/CUB-URC/2026-Rover-Code/ros2_ws/install/rover_bringup/share/ament_index/resource_index/packages/rover_bringup
[5.353s] -- Symlinking: /home/ender/CUB-URC/2026-Rover-Code/ros2_ws/install/rover_bringup/share/rover_bringup/cmake/rover_bringupConfig.cmake
[5.359s] -- Symlinking: /home/ender/CUB-URC/2026-Rover-Code/ros2_ws/install/rover_bringup/share/rover_bringup/cmake/rover_bringupConfig-version.cmake
[5.365s] -- Symlinking: /home/ender/CUB-URC/2026-Rover-Code/ros2_ws/install/rover_bringup/share/rover_bringup/package.xml
[5.373s] Invoked command in '/home/ender/CUB-URC/2026-Rover-Code/ros2_ws/build/rover_bringup' returned '0': CMAKE_PREFIX_PATH=/opt/ros/humble /usr/bin/cmake --install /home/ender/CUB-URC/2026-Rover-Code/ros2_ws/build/rover_bringup
