[0.027s] Invoking command in '/home/ender/CUB-URC/2026-Rover-Code/ros2_ws/build/drone_bringup': CMAKE_PREFIX_PATH=/opt/ros/humble /usr/bin/cmake /home/ender/CUB-URC/2026-Rover-Code/ros2_ws/src_new/drone_bringup -DAMENT_CMAKE_SYMLINK_INSTALL=1 -DCMAKE_INSTALL_PREFIX=/home/ender/CUB-URC/2026-Rover-Code/ros2_ws/install/drone_bringup
[0.196s] -- The C compiler identification is GNU 11.4.0
[0.456s] -- The CXX compiler identification is GNU 11.4.0
[0.606s] -- Detecting C compiler ABI info
[0.705s] -- Detecting C compiler ABI info - done
[0.711s] -- Check for working C compiler: /usr/bin/cc - skipped
[0.711s] -- Detecting C compile features
[0.711s] -- Detecting C compile features - done
[0.716s] -- Detecting CXX compiler ABI info
[0.822s] -- Detecting CXX compiler ABI info - done
[0.829s] -- Check for working CXX compiler: /usr/bin/c++ - skipped
[0.830s] -- Detecting CXX compile features
[0.830s] -- Detecting CXX compile features - done
[0.900s] -- Found ament_cmake: 1.3.12 (/opt/ros/humble/share/ament_cmake/cmake)
[1.070s] -- Found Python3: /usr/bin/python3 (found version "3.10.12") found components: Interpreter 
[1.222s] -- Override CMake install command with custom implementation using symlinks instead of copying resources
[1.573s] -- Found rclcpp: 16.0.17 (/opt/ros/humble/share/rclcpp/cmake)
[2.096s] -- Found rosidl_generator_c: 3.1.8 (/opt/ros/humble/share/rosidl_generator_c/cmake)
[2.141s] -- Found rosidl_adapter: 3.1.8 (/opt/ros/humble/share/rosidl_adapter/cmake)
[2.237s] -- Found rosidl_generator_cpp: 3.1.8 (/opt/ros/humble/share/rosidl_generator_cpp/cmake)
[2.277s] -- Using all available rosidl_typesupport_c: rosidl_typesupport_fastrtps_c;rosidl_typesupport_introspection_c
[2.393s] -- Using all available rosidl_typesupport_cpp: rosidl_typesupport_fastrtps_cpp;rosidl_typesupport_introspection_cpp
[2.738s] -- Found rmw_implementation_cmake: 6.1.2 (/opt/ros/humble/share/rmw_implementation_cmake/cmake)
[2.780s] -- Found rmw_fastrtps_cpp: 6.2.9 (/opt/ros/humble/share/rmw_fastrtps_cpp/cmake)
[3.233s] -- Found OpenSSL: /usr/lib/x86_64-linux-gnu/libcrypto.so (found version "3.0.2")  
[3.591s] -- Found FastRTPS: /opt/ros/humble/include  
[4.263s] -- Using RMW implementation 'rmw_fastrtps_cpp' as default
[4.269s] -- Looking for pthread.h
[4.359s] -- Looking for pthread.h - found
[4.360s] -- Performing Test CMAKE_HAVE_LIBC_PTHREAD
[4.452s] -- Performing Test CMAKE_HAVE_LIBC_PTHREAD - Success
[4.453s] -- Found Threads: TRUE  
[4.495s] -- Found ament_lint_auto: 0.12.14 (/opt/ros/humble/share/ament_lint_auto/cmake)
[4.566s] -- Added test 'lint_cmake' to check CMake code style
[4.589s] -- Added test 'xmllint' to check XML markup files
[4.592s] -- Configuring done
[4.598s] -- Generating done
[4.601s] -- Build files have been written to: /home/ender/CUB-URC/2026-Rover-Code/ros2_ws/build/drone_bringup
[4.619s] Invoked command in '/home/ender/CUB-URC/2026-Rover-Code/ros2_ws/build/drone_bringup' returned '0': CMAKE_PREFIX_PATH=/opt/ros/humble /usr/bin/cmake /home/ender/CUB-URC/2026-Rover-Code/ros2_ws/src_new/drone_bringup -DAMENT_CMAKE_SYMLINK_INSTALL=1 -DCMAKE_INSTALL_PREFIX=/home/ender/CUB-URC/2026-Rover-Code/ros2_ws/install/drone_bringup
[4.621s] Invoking command in '/home/ender/CUB-URC/2026-Rover-Code/ros2_ws/build/drone_bringup': CMAKE_PREFIX_PATH=/opt/ros/humble /usr/bin/cmake --build /home/ender/CUB-URC/2026-Rover-Code/ros2_ws/build/drone_bringup -- -j12 -l12
[4.660s] Invoked command in '/home/ender/CUB-URC/2026-Rover-Code/ros2_ws/build/drone_bringup' returned '0': CMAKE_PREFIX_PATH=/opt/ros/humble /usr/bin/cmake --build /home/ender/CUB-URC/2026-Rover-Code/ros2_ws/build/drone_bringup -- -j12 -l12
[4.662s] Invoking command in '/home/ender/CUB-URC/2026-Rover-Code/ros2_ws/build/drone_bringup': CMAKE_PREFIX_PATH=/opt/ros/humble /usr/bin/cmake --install /home/ender/CUB-URC/2026-Rover-Code/ros2_ws/build/drone_bringup
[4.668s] -- Install configuration: ""
[4.669s] -- Execute custom install script
[4.670s] -- Symlinking: /home/ender/CUB-URC/2026-Rover-Code/ros2_ws/install/drone_bringup/share/ament_index/resource_index/package_run_dependencies/drone_bringup
[4.678s] -- Symlinking: /home/ender/CUB-URC/2026-Rover-Code/ros2_ws/install/drone_bringup/share/ament_index/resource_index/parent_prefix_path/drone_bringup
[4.685s] -- Symlinking: /home/ender/CUB-URC/2026-Rover-Code/ros2_ws/install/drone_bringup/share/drone_bringup/environment/ament_prefix_path.sh
[4.693s] -- Symlinking: /home/ender/CUB-URC/2026-Rover-Code/ros2_ws/install/drone_bringup/share/drone_bringup/environment/ament_prefix_path.dsv
[4.701s] -- Symlinking: /home/ender/CUB-URC/2026-Rover-Code/ros2_ws/install/drone_bringup/share/drone_bringup/environment/path.sh
[4.709s] -- Symlinking: /home/ender/CUB-URC/2026-Rover-Code/ros2_ws/install/drone_bringup/share/drone_bringup/environment/path.dsv
[4.717s] -- Symlinking: /home/ender/CUB-URC/2026-Rover-Code/ros2_ws/install/drone_bringup/share/drone_bringup/local_setup.bash
[4.725s] -- Symlinking: /home/ender/CUB-URC/2026-Rover-Code/ros2_ws/install/drone_bringup/share/drone_bringup/local_setup.sh
[4.733s] -- Symlinking: /home/ender/CUB-URC/2026-Rover-Code/ros2_ws/install/drone_bringup/share/drone_bringup/local_setup.zsh
[4.741s] -- Symlinking: /home/ender/CUB-URC/2026-Rover-Code/ros2_ws/install/drone_bringup/share/drone_bringup/local_setup.dsv
[4.749s] -- Symlinking: /home/ender/CUB-URC/2026-Rover-Code/ros2_ws/install/drone_bringup/share/drone_bringup/package.dsv
[4.757s] -- Symlinking: /home/ender/CUB-URC/2026-Rover-Code/ros2_ws/install/drone_bringup/share/ament_index/resource_index/packages/drone_bringup
[4.765s] -- Symlinking: /home/ender/CUB-URC/2026-Rover-Code/ros2_ws/install/drone_bringup/share/drone_bringup/cmake/drone_bringupConfig.cmake
[4.773s] -- Symlinking: /home/ender/CUB-URC/2026-Rover-Code/ros2_ws/install/drone_bringup/share/drone_bringup/cmake/drone_bringupConfig-version.cmake
[4.781s] -- Symlinking: /home/ender/CUB-URC/2026-Rover-Code/ros2_ws/install/drone_bringup/share/drone_bringup/package.xml
[4.813s] Invoked command in '/home/ender/CUB-URC/2026-Rover-Code/ros2_ws/build/drone_bringup' returned '0': CMAKE_PREFIX_PATH=/opt/ros/humble /usr/bin/cmake --install /home/ender/CUB-URC/2026-Rover-Code/ros2_ws/build/drone_bringup
