[0.026s] Invoking command in '/home/ender/CUB-URC/2026-Rover-Code/ros2_ws/build/autonomy': CMAKE_PREFIX_PATH=/opt/ros/humble /usr/bin/cmake /home/ender/CUB-URC/2026-Rover-Code/ros2_ws/src_new/autonomy -DAMENT_CMAKE_SYMLINK_INSTALL=1 -DCMAKE_INSTALL_PREFIX=/home/ender/CUB-URC/2026-Rover-Code/ros2_ws/install/autonomy
[0.204s] -- The C compiler identification is GNU 11.4.0
[0.465s] -- The CXX compiler identification is GNU 11.4.0
[0.589s] -- Detecting C compiler ABI info
[0.714s] -- Detecting C compiler ABI info - done
[0.721s] -- Check for working C compiler: /usr/bin/cc - skipped
[0.721s] -- Detecting C compile features
[0.726s] -- Detecting C compile features - done
[0.726s] -- Detecting CXX compiler ABI info
[0.832s] -- Detecting CXX compiler ABI info - done
[0.838s] -- Check for working CXX compiler: /usr/bin/c++ - skipped
[0.838s] -- Detecting CXX compile features
[0.839s] -- Detecting CXX compile features - done
[0.909s] -- Found ament_cmake: 1.3.12 (/opt/ros/humble/share/ament_cmake/cmake)
[1.084s] -- Found Python3: /usr/bin/python3 (found version "3.10.12") found components: Interpreter 
[1.233s] -- Override CMake install command with custom implementation using symlinks instead of copying resources
[1.581s] -- Found rclcpp: 16.0.17 (/opt/ros/humble/share/rclcpp/cmake)
[2.104s] -- Found rosidl_generator_c: 3.1.8 (/opt/ros/humble/share/rosidl_generator_c/cmake)
[2.149s] -- Found rosidl_adapter: 3.1.8 (/opt/ros/humble/share/rosidl_adapter/cmake)
[2.246s] -- Found rosidl_generator_cpp: 3.1.8 (/opt/ros/humble/share/rosidl_generator_cpp/cmake)
[2.286s] -- Using all available rosidl_typesupport_c: rosidl_typesupport_fastrtps_c;rosidl_typesupport_introspection_c
[2.402s] -- Using all available rosidl_typesupport_cpp: rosidl_typesupport_fastrtps_cpp;rosidl_typesupport_introspection_cpp
[2.746s] -- Found rmw_implementation_cmake: 6.1.2 (/opt/ros/humble/share/rmw_implementation_cmake/cmake)
[2.789s] -- Found rmw_fastrtps_cpp: 6.2.9 (/opt/ros/humble/share/rmw_fastrtps_cpp/cmake)
[3.242s] -- Found OpenSSL: /usr/lib/x86_64-linux-gnu/libcrypto.so (found version "3.0.2")  
[3.600s] -- Found FastRTPS: /opt/ros/humble/include  
[4.220s] -- Using RMW implementation 'rmw_fastrtps_cpp' as default
[4.237s] -- Looking for pthread.h
[4.334s] -- Looking for pthread.h - found
[4.334s] -- Performing Test CMAKE_HAVE_LIBC_PTHREAD
[4.434s] -- Performing Test CMAKE_HAVE_LIBC_PTHREAD - Success
[4.435s] -- Found Threads: TRUE  
[4.494s] -- Found ament_lint_auto: 0.12.14 (/opt/ros/humble/share/ament_lint_auto/cmake)
[4.575s] -- Added test 'lint_cmake' to check CMake code style
[4.598s] -- Added test 'xmllint' to check XML markup files
[4.600s] -- Configuring done
[4.609s] -- Generating done
[4.613s] -- Build files have been written to: /home/ender/CUB-URC/2026-Rover-Code/ros2_ws/build/autonomy
[4.634s] Invoked command in '/home/ender/CUB-URC/2026-Rover-Code/ros2_ws/build/autonomy' returned '0': CMAKE_PREFIX_PATH=/opt/ros/humble /usr/bin/cmake /home/ender/CUB-URC/2026-Rover-Code/ros2_ws/src_new/autonomy -DAMENT_CMAKE_SYMLINK_INSTALL=1 -DCMAKE_INSTALL_PREFIX=/home/ender/CUB-URC/2026-Rover-Code/ros2_ws/install/autonomy
[4.636s] Invoking command in '/home/ender/CUB-URC/2026-Rover-Code/ros2_ws/build/autonomy': CMAKE_PREFIX_PATH=/opt/ros/humble /usr/bin/cmake --build /home/ender/CUB-URC/2026-Rover-Code/ros2_ws/build/autonomy -- -j12 -l12
[4.678s] Invoked command in '/home/ender/CUB-URC/2026-Rover-Code/ros2_ws/build/autonomy' returned '0': CMAKE_PREFIX_PATH=/opt/ros/humble /usr/bin/cmake --build /home/ender/CUB-URC/2026-Rover-Code/ros2_ws/build/autonomy -- -j12 -l12
[4.679s] Invoking command in '/home/ender/CUB-URC/2026-Rover-Code/ros2_ws/build/autonomy': CMAKE_PREFIX_PATH=/opt/ros/humble /usr/bin/cmake --install /home/ender/CUB-URC/2026-Rover-Code/ros2_ws/build/autonomy
[4.685s] -- Install configuration: ""
[4.686s] -- Execute custom install script
[4.688s] -- Symlinking: /home/ender/CUB-URC/2026-Rover-Code/ros2_ws/install/autonomy/share/ament_index/resource_index/package_run_dependencies/autonomy
[4.695s] -- Symlinking: /home/ender/CUB-URC/2026-Rover-Code/ros2_ws/install/autonomy/share/ament_index/resource_index/parent_prefix_path/autonomy
[4.704s] -- Symlinking: /home/ender/CUB-URC/2026-Rover-Code/ros2_ws/install/autonomy/share/autonomy/environment/ament_prefix_path.sh
[4.712s] -- Symlinking: /home/ender/CUB-URC/2026-Rover-Code/ros2_ws/install/autonomy/share/autonomy/environment/ament_prefix_path.dsv
[4.720s] -- Symlinking: /home/ender/CUB-URC/2026-Rover-Code/ros2_ws/install/autonomy/share/autonomy/environment/path.sh
[4.728s] -- Symlinking: /home/ender/CUB-URC/2026-Rover-Code/ros2_ws/install/autonomy/share/autonomy/environment/path.dsv
[4.736s] -- Symlinking: /home/ender/CUB-URC/2026-Rover-Code/ros2_ws/install/autonomy/share/autonomy/local_setup.bash
[4.743s] -- Symlinking: /home/ender/CUB-URC/2026-Rover-Code/ros2_ws/install/autonomy/share/autonomy/local_setup.sh
[4.752s] -- Symlinking: /home/ender/CUB-URC/2026-Rover-Code/ros2_ws/install/autonomy/share/autonomy/local_setup.zsh
[4.760s] -- Symlinking: /home/ender/CUB-URC/2026-Rover-Code/ros2_ws/install/autonomy/share/autonomy/local_setup.dsv
[4.768s] -- Symlinking: /home/ender/CUB-URC/2026-Rover-Code/ros2_ws/install/autonomy/share/autonomy/package.dsv
[4.776s] -- Symlinking: /home/ender/CUB-URC/2026-Rover-Code/ros2_ws/install/autonomy/share/ament_index/resource_index/packages/autonomy
[4.784s] -- Symlinking: /home/ender/CUB-URC/2026-Rover-Code/ros2_ws/install/autonomy/share/autonomy/cmake/autonomyConfig.cmake
[4.792s] -- Symlinking: /home/ender/CUB-URC/2026-Rover-Code/ros2_ws/install/autonomy/share/autonomy/cmake/autonomyConfig-version.cmake
[4.802s] -- Symlinking: /home/ender/CUB-URC/2026-Rover-Code/ros2_ws/install/autonomy/share/autonomy/package.xml
[4.847s] Invoked command in '/home/ender/CUB-URC/2026-Rover-Code/ros2_ws/build/autonomy' returned '0': CMAKE_PREFIX_PATH=/opt/ros/humble /usr/bin/cmake --install /home/ender/CUB-URC/2026-Rover-Code/ros2_ws/build/autonomy
