[0.034s] Invoking command in '/home/ender/CUB-URC/2026-Rover-Code/ros2_ws/build/simulation': CMAKE_PREFIX_PATH=/opt/ros/humble /usr/bin/cmake /home/ender/CUB-URC/2026-Rover-Code/ros2_ws/src_new/simulation -DAMENT_CMAKE_SYMLINK_INSTALL=1 -DCMAKE_INSTALL_PREFIX=/home/ender/CUB-URC/2026-Rover-Code/ros2_ws/install/simulation
[4.606s] -- The C compiler identification is GNU 11.4.0
[4.606s] -- The CXX compiler identification is GNU 11.4.0
[4.606s] -- Detecting C compiler ABI info
[4.607s] -- Detecting C compiler ABI info - done
[4.607s] -- Check for working C compiler: /usr/bin/cc - skipped
[4.607s] -- Detecting C compile features
[4.607s] -- Detecting C compile features - done
[4.607s] -- Detecting CXX compiler ABI info
[4.607s] -- Detecting CXX compiler ABI info - done
[4.607s] -- Check for working CXX compiler: /usr/bin/c++ - skipped
[4.607s] -- Detecting CXX compile features
[4.608s] -- Detecting CXX compile features - done
[4.608s] -- Found ament_cmake: 1.3.12 (/opt/ros/humble/share/ament_cmake/cmake)
[4.608s] -- Found Python3: /usr/bin/python3 (found version "3.10.12") found components: Interpreter 
[4.608s] -- Override CMake install command with custom implementation using symlinks instead of copying resources
[4.608s] -- Found rclcpp: 16.0.17 (/opt/ros/humble/share/rclcpp/cmake)
[4.608s] -- Found rosidl_generator_c: 3.1.8 (/opt/ros/humble/share/rosidl_generator_c/cmake)
[4.608s] -- Found rosidl_adapter: 3.1.8 (/opt/ros/humble/share/rosidl_adapter/cmake)
[4.609s] -- Found rosidl_generator_cpp: 3.1.8 (/opt/ros/humble/share/rosidl_generator_cpp/cmake)
[4.609s] -- Using all available rosidl_typesupport_c: rosidl_typesupport_fastrtps_c;rosidl_typesupport_introspection_c
[4.609s] -- Using all available rosidl_typesupport_cpp: rosidl_typesupport_fastrtps_cpp;rosidl_typesupport_introspection_cpp
[4.609s] -- Found rmw_implementation_cmake: 6.1.2 (/opt/ros/humble/share/rmw_implementation_cmake/cmake)
[4.609s] -- Found rmw_fastrtps_cpp: 6.2.9 (/opt/ros/humble/share/rmw_fastrtps_cpp/cmake)
[4.609s] -- Found OpenSSL: /usr/lib/x86_64-linux-gnu/libcrypto.so (found version "3.0.2")  
[4.609s] -- Found FastRTPS: /opt/ros/humble/include  
[4.609s] -- Using RMW implementation 'rmw_fastrtps_cpp' as default
[4.609s] -- Looking for pthread.h
[4.610s] -- Looking for pthread.h - found
[4.610s] -- Performing Test CMAKE_HAVE_LIBC_PTHREAD
[4.610s] -- Performing Test CMAKE_HAVE_LIBC_PTHREAD - Success
[4.610s] -- Found Threads: TRUE  
[4.610s] -- Found ament_lint_auto: 0.12.14 (/opt/ros/humble/share/ament_lint_auto/cmake)
[4.613s] -- Added test 'lint_cmake' to check CMake code style
[4.614s] -- Added test 'xmllint' to check XML markup files
[4.616s] -- Configuring done
[4.624s] -- Generating done
[4.625s] -- Build files have been written to: /home/ender/CUB-URC/2026-Rover-Code/ros2_ws/build/simulation
[4.635s] Invoked command in '/home/ender/CUB-URC/2026-Rover-Code/ros2_ws/build/simulation' returned '0': CMAKE_PREFIX_PATH=/opt/ros/humble /usr/bin/cmake /home/ender/CUB-URC/2026-Rover-Code/ros2_ws/src_new/simulation -DAMENT_CMAKE_SYMLINK_INSTALL=1 -DCMAKE_INSTALL_PREFIX=/home/ender/CUB-URC/2026-Rover-Code/ros2_ws/install/simulation
[4.636s] Invoking command in '/home/ender/CUB-URC/2026-Rover-Code/ros2_ws/build/simulation': CMAKE_PREFIX_PATH=/opt/ros/humble /usr/bin/cmake --build /home/ender/CUB-URC/2026-Rover-Code/ros2_ws/build/simulation -- -j12 -l12
[4.672s] Invoked command in '/home/ender/CUB-URC/2026-Rover-Code/ros2_ws/build/simulation' returned '0': CMAKE_PREFIX_PATH=/opt/ros/humble /usr/bin/cmake --build /home/ender/CUB-URC/2026-Rover-Code/ros2_ws/build/simulation -- -j12 -l12
[4.674s] Invoking command in '/home/ender/CUB-URC/2026-Rover-Code/ros2_ws/build/simulation': CMAKE_PREFIX_PATH=/opt/ros/humble /usr/bin/cmake --install /home/ender/CUB-URC/2026-Rover-Code/ros2_ws/build/simulation
[4.784s] -- Install configuration: ""
[4.784s] -- Execute custom install script
[4.784s] -- Symlinking: /home/ender/CUB-URC/2026-Rover-Code/ros2_ws/install/simulation/share/ament_index/resource_index/package_run_dependencies/simulation
[4.785s] -- Symlinking: /home/ender/CUB-URC/2026-Rover-Code/ros2_ws/install/simulation/share/ament_index/resource_index/parent_prefix_path/simulation
[4.785s] -- Symlinking: /home/ender/CUB-URC/2026-Rover-Code/ros2_ws/install/simulation/share/simulation/environment/ament_prefix_path.sh
[4.785s] -- Symlinking: /home/ender/CUB-URC/2026-Rover-Code/ros2_ws/install/simulation/share/simulation/environment/ament_prefix_path.dsv
[4.785s] -- Symlinking: /home/ender/CUB-URC/2026-Rover-Code/ros2_ws/install/simulation/share/simulation/environment/path.sh
[4.786s] -- Symlinking: /home/ender/CUB-URC/2026-Rover-Code/ros2_ws/install/simulation/share/simulation/environment/path.dsv
[4.786s] -- Symlinking: /home/ender/CUB-URC/2026-Rover-Code/ros2_ws/install/simulation/share/simulation/local_setup.bash
[4.786s] -- Symlinking: /home/ender/CUB-URC/2026-Rover-Code/ros2_ws/install/simulation/share/simulation/local_setup.sh
[4.786s] -- Symlinking: /home/ender/CUB-URC/2026-Rover-Code/ros2_ws/install/simulation/share/simulation/local_setup.zsh
[4.786s] -- Symlinking: /home/ender/CUB-URC/2026-Rover-Code/ros2_ws/install/simulation/share/simulation/local_setup.dsv
[4.786s] -- Symlinking: /home/ender/CUB-URC/2026-Rover-Code/ros2_ws/install/simulation/share/simulation/package.dsv
[4.786s] -- Symlinking: /home/ender/CUB-URC/2026-Rover-Code/ros2_ws/install/simulation/share/ament_index/resource_index/packages/simulation
[4.786s] -- Symlinking: /home/ender/CUB-URC/2026-Rover-Code/ros2_ws/install/simulation/share/simulation/cmake/simulationConfig.cmake
[4.787s] -- Symlinking: /home/ender/CUB-URC/2026-Rover-Code/ros2_ws/install/simulation/share/simulation/cmake/simulationConfig-version.cmake
[4.791s] -- Symlinking: /home/ender/CUB-URC/2026-Rover-Code/ros2_ws/install/simulation/share/simulation/package.xml
[4.847s] Invoked command in '/home/ender/CUB-URC/2026-Rover-Code/ros2_ws/build/simulation' returned '0': CMAKE_PREFIX_PATH=/opt/ros/humble /usr/bin/cmake --install /home/ender/CUB-URC/2026-Rover-Code/ros2_ws/build/simulation
